TN:
SF:src/lib/index.ts
FNF:0
FNH:0
LF:0
LH:0
BRF:0
BRH:0
end_of_record
TN:
SF:src/lib/content/portfolio.ts
FNF:0
FNH:0
DA:3,4
DA:9,4
LF:2
LH:2
BRF:0
BRH:0
end_of_record
TN:
SF:src/lib/stores/view-mode.ts
FN:11,readRootMode
FN:20,resolveInitialViewMode
FN:34,isViewMode
FN:38,readStoredMode
FN:51,persistMode
FN:69,syncDocument
FN:85,clearTransitionTimer
FN:92,applyViewMode
FN:100,(anonymous_8)
FN:107,shouldUseViewTransition
FN:115,initializeViewMode
FN:131,setViewMode
FN:148,(anonymous_12)
FNF:13
FNH:13
FNDA:16,readRootMode
FNDA:9,resolveInitialViewMode
FNDA:24,isViewMode
FNDA:14,readStoredMode
FNDA:11,persistMode
FNDA:12,syncDocument
FNDA:4,clearTransitionTimer
FNDA:3,applyViewMode
FNDA:1,(anonymous_8)
FNDA:1,shouldUseViewTransition
FNDA:11,initializeViewMode
FNDA:4,setViewMode
FNDA:1,(anonymous_12)
DA:6,9
DA:7,9
DA:9,9
DA:12,16
DA:13,2
DA:16,14
DA:17,14
DA:21,9
DA:24,9
DA:25,9
DA:27,9
DA:35,24
DA:39,14
DA:40,2
DA:43,12
DA:44,12
DA:45,12
DA:47,2
DA:52,11
DA:53,0
DA:56,11
DA:57,11
DA:62,11
DA:63,11
DA:70,12
DA:71,0
DA:74,12
DA:75,12
DA:77,12
DA:78,3
DA:79,3
DA:82,9
DA:86,4
DA:87,1
DA:88,1
DA:93,3
DA:95,3
DA:96,3
DA:97,3
DA:98,3
DA:100,3
DA:101,1
DA:102,1
DA:103,1
DA:108,1
DA:109,0
DA:112,1
DA:116,11
DA:117,4
DA:120,7
DA:122,7
DA:124,11
DA:125,11
DA:126,11
DA:127,11
DA:128,11
DA:132,4
DA:133,0
DA:134,0
DA:137,4
DA:139,4
DA:140,4
DA:141,1
DA:142,1
DA:143,1
DA:146,3
DA:147,3
DA:148,1
DA:149,1
DA:151,1
DA:154,2
LF:71
LH:66
BRDA:12,0,0,2
BRDA:12,0,1,14
BRDA:17,1,0,2
BRDA:17,1,1,12
BRDA:21,2,0,9
BRDA:21,2,1,8
BRDA:21,2,2,7
BRDA:35,3,0,24
BRDA:35,3,1,24
BRDA:39,4,0,2
BRDA:39,4,1,12
BRDA:45,5,0,2
BRDA:45,5,1,8
BRDA:52,6,0,0
BRDA:52,6,1,11
BRDA:70,7,0,0
BRDA:70,7,1,12
BRDA:77,8,0,3
BRDA:77,8,1,9
BRDA:86,9,0,1
BRDA:86,9,1,3
BRDA:108,10,0,0
BRDA:108,10,1,1
BRDA:108,11,0,1
BRDA:108,11,1,1
BRDA:116,12,0,4
BRDA:116,12,1,7
BRDA:116,13,0,11
BRDA:116,13,1,11
BRDA:122,14,0,7
BRDA:122,14,1,6
BRDA:122,14,2,5
BRDA:132,15,0,0
BRDA:132,15,1,4
BRDA:140,16,0,1
BRDA:140,16,1,3
BRDA:147,17,0,1
BRDA:147,17,1,2
BRDA:147,18,0,3
BRDA:147,18,1,1
BRF:40
BRH:36
end_of_record
TN:
SF:src/lib/types/portfolio.ts
FNF:0
FNH:0
LF:0
LH:0
BRF:0
BRH:0
end_of_record
TN:
SF:src/lib/utils/projects.ts
FN:6,getInitialProjectCount
FN:18,getVisibleProjects
FN:30,hasFilledLink
FNF:3
FNH:3
FNDA:3,getInitialProjectCount
FNDA:7,getVisibleProjects
FNDA:153,hasFilledLink
DA:3,3
DA:4,3
DA:7,3
DA:8,1
DA:11,2
DA:12,1
DA:15,1
DA:23,7
DA:24,1
DA:27,6
DA:31,153
LF:11
LH:11
BRDA:7,0,0,1
BRDA:7,0,1,2
BRDA:11,1,0,1
BRDA:11,1,1,1
BRDA:23,2,0,1
BRDA:23,2,1,6
BRF:6
BRH:6
end_of_record
