TN:
SF:src/lib/index.ts
FNF:0
FNH:0
LF:0
LH:0
BRF:0
BRH:0
end_of_record
TN:
SF:src/lib/animations/view-mode-morph.ts
FN:67,getFlipTargetMap
FN:82,getMatchedFlipTargets
FN:100,getAnchorOffset
FN:107,captureAnchor
FN:132,restoreAnchor
FN:155,clearActiveAnimation
FN:163,finishActiveAnimation
FN:175,defaultGsapLoader
FN:185,loadGsapBundle
FN:193,setGsapLoaderForTest
FN:198,getFlipDuration
FN:202,transitionViewMode
FN:258,(anonymous_12)
FNF:13
FNH:12
FNDA:13,getFlipTargetMap
FNDA:6,getMatchedFlipTargets
FNDA:7,getAnchorOffset
FNDA:7,captureAnchor
FNDA:7,restoreAnchor
FNDA:2,clearActiveAnimation
FNDA:9,finishActiveAnimation
FNDA:0,defaultGsapLoader
FNDA:6,loadGsapBundle
FNDA:8,setGsapLoaderForTest
FNDA:6,getFlipDuration
FNDA:9,transitionViewMode
FNDA:1,(anonymous_12)
DA:37,9
DA:38,9
DA:58,9
DA:59,9
DA:60,9
DA:61,9
DA:62,9
DA:64,9
DA:65,9
DA:68,13
DA:70,13
DA:71,66
DA:72,66
DA:73,27
DA:76,39
DA:79,13
DA:85,6
DA:87,6
DA:88,16
DA:89,1
DA:92,15
DA:95,6
DA:101,7
DA:108,7
DA:109,7
DA:110,0
DA:113,7
DA:114,7
DA:115,7
DA:117,7
DA:118,14
DA:119,14
DA:120,14
DA:121,14
DA:125,7
DA:133,7
DA:134,0
DA:137,7
DA:138,7
DA:139,0
DA:142,7
DA:143,7
DA:144,7
DA:147,0
DA:148,0
DA:149,0
DA:152,0
DA:156,2
DA:157,2
DA:160,2
DA:164,9
DA:165,8
DA:168,1
DA:169,1
DA:170,1
DA:171,1
DA:172,1
DA:176,0
DA:177,0
DA:178,0
DA:179,0
DA:180,0
DA:183,9
DA:186,6
DA:187,5
DA:190,6
DA:194,8
DA:195,8
DA:199,6
DA:203,9
DA:204,0
DA:205,0
DA:208,9
DA:209,9
DA:211,9
DA:212,1
DA:213,1
DA:214,1
DA:217,8
DA:218,1
DA:219,1
DA:220,1
DA:223,7
DA:224,7
DA:226,7
DA:227,1
DA:228,1
DA:229,1
DA:232,6
DA:233,6
DA:237,6
DA:238,6
DA:239,6
DA:240,6
DA:241,6
DA:243,6
DA:244,6
DA:245,6
DA:247,6
DA:248,1
DA:249,1
DA:252,5
DA:259,1
DA:260,1
DA:264,5
DA:266,1
DA:267,1
LF:107
LH:93
BRDA:72,0,0,27
BRDA:72,0,1,39
BRDA:72,1,0,66
BRDA:72,1,1,66
BRDA:88,2,0,1
BRDA:88,2,1,15
BRDA:109,3,0,0
BRDA:109,3,1,7
BRDA:119,4,0,14
BRDA:119,4,1,0
BRDA:133,5,0,0
BRDA:133,5,1,7
BRDA:138,6,0,0
BRDA:138,6,1,7
BRDA:142,7,0,7
BRDA:142,7,1,0
BRDA:148,8,0,0
BRDA:148,8,1,0
BRDA:155,9,0,2
BRDA:156,10,0,2
BRDA:156,10,1,0
BRDA:164,11,0,8
BRDA:164,11,1,1
BRDA:186,12,0,5
BRDA:186,12,1,1
BRDA:194,13,0,8
BRDA:194,13,1,0
BRDA:199,14,0,0
BRDA:199,14,1,6
BRDA:203,15,0,0
BRDA:203,15,1,9
BRDA:211,16,0,1
BRDA:211,16,1,8
BRDA:217,17,0,1
BRDA:217,17,1,7
BRDA:226,18,0,1
BRDA:226,18,1,6
BRDA:247,19,0,1
BRDA:247,19,1,5
BRF:39
BRH:28
end_of_record
TN:
SF:src/lib/content/portfolio.ts
FNF:0
FNH:0
DA:3,4
DA:9,4
LF:2
LH:2
BRF:0
BRH:0
end_of_record
TN:
SF:src/lib/stores/view-mode.ts
FN:10,readRootMode
FN:19,resolveInitialViewMode
FN:28,isViewMode
FN:32,readStoredMode
FN:45,persistMode
FN:63,syncDocument
FN:79,prefersReducedMotion
FN:87,initializeViewMode
FN:103,getViewMode
FN:107,setViewTransitioning
FN:118,commitViewMode
FNF:11
FNH:11
FNDA:31,readRootMode
FNDA:17,resolveInitialViewMode
FNDA:38,isViewMode
FNDA:13,readStoredMode
FNDA:25,persistMode
FNDA:41,syncDocument
FNDA:9,prefersReducedMotion
FNDA:50,initializeViewMode
FNDA:10,getViewMode
FNDA:16,setViewTransitioning
FNDA:11,commitViewMode
DA:6,17
DA:8,17
DA:11,31
DA:12,2
DA:15,29
DA:16,29
DA:20,17
DA:23,17
DA:24,17
DA:26,17
DA:29,38
DA:33,13
DA:34,2
DA:37,11
DA:38,11
DA:39,11
DA:41,2
DA:46,25
DA:47,0
DA:50,25
DA:51,25
DA:56,25
DA:57,25
DA:64,41
DA:65,0
DA:68,41
DA:69,41
DA:71,41
DA:72,14
DA:73,14
DA:76,27
DA:80,9
DA:81,0
DA:84,9
DA:88,50
DA:89,36
DA:92,14
DA:94,14
DA:96,50
DA:97,50
DA:98,50
DA:99,50
DA:100,50
DA:104,10
DA:108,16
DA:109,0
DA:110,0
DA:113,16
DA:114,16
DA:115,16
DA:119,11
DA:120,0
DA:121,0
DA:124,11
DA:125,11
DA:126,11
DA:127,11
LF:57
LH:50
BRDA:11,0,0,2
BRDA:11,0,1,29
BRDA:16,1,0,18
BRDA:16,1,1,11
BRDA:20,2,0,17
BRDA:20,2,1,8
BRDA:20,2,2,7
BRDA:29,3,0,38
BRDA:29,3,1,22
BRDA:33,4,0,2
BRDA:33,4,1,11
BRDA:39,5,0,2
BRDA:39,5,1,7
BRDA:46,6,0,0
BRDA:46,6,1,25
BRDA:64,7,0,0
BRDA:64,7,1,41
BRDA:71,8,0,14
BRDA:71,8,1,27
BRDA:80,9,0,0
BRDA:80,9,1,9
BRDA:80,10,0,9
BRDA:80,10,1,9
BRDA:88,11,0,36
BRDA:88,11,1,14
BRDA:88,12,0,50
BRDA:88,12,1,50
BRDA:94,13,0,14
BRDA:94,13,1,5
BRDA:94,13,2,4
BRDA:108,14,0,0
BRDA:108,14,1,16
BRDA:119,15,0,0
BRDA:119,15,1,11
BRF:34
BRH:29
end_of_record
TN:
SF:src/lib/types/portfolio.ts
FNF:0
FNH:0
LF:0
LH:0
BRF:0
BRH:0
end_of_record
TN:
SF:src/lib/utils/projects.ts
FN:6,getInitialProjectCount
FN:18,getVisibleProjects
FN:30,hasFilledLink
FNF:3
FNH:3
FNDA:3,getInitialProjectCount
FNDA:7,getVisibleProjects
FNDA:153,hasFilledLink
DA:3,3
DA:4,3
DA:7,3
DA:8,1
DA:11,2
DA:12,1
DA:15,1
DA:23,7
DA:24,1
DA:27,6
DA:31,153
LF:11
LH:11
BRDA:7,0,0,1
BRDA:7,0,1,2
BRDA:11,1,0,1
BRDA:11,1,1,1
BRDA:23,2,0,1
BRDA:23,2,1,6
BRF:6
BRH:6
end_of_record
